1553095854018	mozrunner::runner	INFO	Running command: "/usr/bin/firefox" "-marionette" "-foreground" "-no-remote" "-profile" "/tmp/rust_mozprofile.BDafBJxRxGg7"
1553095855551	addons.webextension.screenshots@mozilla.org	WARN	Loading extension 'screenshots@mozilla.org': Reading manifest: Invalid host permission: resource://pdf.js/
1553095855552	addons.webextension.screenshots@mozilla.org	WARN	Loading extension 'screenshots@mozilla.org': Reading manifest: Invalid host permission: about:reader*
1553095860112	Marionette	INFO	Listening on port 36119
1553095860180	Marionette	WARN	TLS certificate errors will be ignored for this session
1553095878672	Marionette	INFO	Stopped listening on port 36119
[Parent 10634, Gecko_IOThread] WARNING: pipe error (79): Connection reset by peer: file /build/firefox-DVGW0d/firefox-65.0.1+build2/ipc/chromium/src/chrome/common/ipc_channel_posix.cc, line 349
1553095949097	mozrunner::runner	INFO	Running command: "/usr/bin/firefox" "-marionette" "-foreground" "-no-remote" "-profile" "/tmp/rust_mozprofile.4E0FLEA0PhFh"
1553095949664	addons.webextension.screenshots@mozilla.org	WARN	Loading extension 'screenshots@mozilla.org': Reading manifest: Invalid host permission: resource://pdf.js/
1553095949664	addons.webextension.screenshots@mozilla.org	WARN	Loading extension 'screenshots@mozilla.org': Reading manifest: Invalid host permission: about:reader*
1553095952746	Marionette	INFO	Listening on port 42089
1553095952810	Marionette	WARN	TLS certificate errors will be ignored for this session
1553095959864	Marionette	INFO	Stopped listening on port 42089
[Parent 11080, Gecko_IOThread] WARNING: pipe error (78): Connection reset by peer: file /build/firefox-DVGW0d/firefox-65.0.1+build2/ipc/chromium/src/chrome/common/ipc_channel_posix.cc, line 349
1553096017643	mozrunner::runner	INFO	Running command: "/usr/bin/firefox" "-marionette" "-foreground" "-no-remote" "-profile" "/tmp/rust_mozprofile.RgRvDXdgxThJ"
1553096018193	addons.webextension.screenshots@mozilla.org	WARN	Loading extension 'screenshots@mozilla.org': Reading manifest: Invalid host permission: resource://pdf.js/
1553096018193	addons.webextension.screenshots@mozilla.org	WARN	Loading extension 'screenshots@mozilla.org': Reading manifest: Invalid host permission: about:reader*
1553096021541	Marionette	INFO	Listening on port 38203
1553096021559	Marionette	WARN	TLS certificate errors will be ignored for this session
JavaScript warning: https://www.bseindia.com/markets/equity/EQReports/StockPrcHistori.aspx?scripcode=530007&flag=sp&Submit=G, line 1: unreachable code after return statement
JavaScript warning: https://www.bseindia.com/markets/equity/EQReports/StockPrcHistori.aspx?scripcode=532644&flag=sp&Submit=G, line 1: unreachable code after return statement
1553096118098	Marionette	INFO	Stopped listening on port 38203
1553165149692	mozrunner::runner	INFO	Running command: "/usr/bin/firefox" "-marionette" "-foreground" "-no-remote" "-profile" "/tmp/rust_mozprofile.3A4EOGZmieO2"
1553165151004	addons.webextension.screenshots@mozilla.org	WARN	Loading extension 'screenshots@mozilla.org': Reading manifest: Invalid host permission: resource://pdf.js/
1553165151005	addons.webextension.screenshots@mozilla.org	WARN	Loading extension 'screenshots@mozilla.org': Reading manifest: Invalid host permission: about:reader*
1553165155611	Marionette	INFO	Listening on port 34517
1553165155639	Marionette	WARN	TLS certificate errors will be ignored for this session
JavaScript warning: https://www.bseindia.com/markets/equity/EQReports/StockPrcHistori.aspx?scripcode=500325&flag=sp&Submit=G, line 1: unreachable code after return statement
JavaScript warning: https://www.bseindia.com/markets/equity/EQReports/StockPrcHistori.aspx?scripcode=500096&flag=sp&Submit=G, line 1: unreachable code after return statement
1553165239109	Marionette	INFO	Stopped listening on port 34517
[Parent 7631, Gecko_IOThread] WARNING: pipe error (93): Connection reset by peer: file /build/firefox-DVGW0d/firefox-65.0.1+build2/ipc/chromium/src/chrome/common/ipc_channel_posix.cc, line 349
1553165258821	mozrunner::runner	INFO	Running command: "/usr/bin/firefox" "-marionette" "-foreground" "-no-remote" "-profile" "/tmp/rust_mozprofile.y8SPa78P5wCr"
1553165259426	addons.webextension.screenshots@mozilla.org	WARN	Loading extension 'screenshots@mozilla.org': Reading manifest: Invalid host permission: resource://pdf.js/
1553165259426	addons.webextension.screenshots@mozilla.org	WARN	Loading extension 'screenshots@mozilla.org': Reading manifest: Invalid host permission: about:reader*
1553165262836	Marionette	INFO	Listening on port 44585
1553165262948	Marionette	WARN	TLS certificate errors will be ignored for this session
JavaScript warning: https://www.bseindia.com/markets/equity/EQReports/StockPrcHistori.aspx?scripcode=500096&flag=sp&Submit=G, line 1: unreachable code after return statement
1553165333807	Marionette	INFO	Stopped listening on port 44585
